Lighting2.obj : error LNK2001: unresolved external symbol _glad_glUniform3fv
Lighting2.obj : error LNK2001: unresolved external symbol _glad_glDeleteVertexArrays
Lighting2.obj : error LNK2001: unresolved external symbol _glad_glLinkProgram
Lighting2.obj : error LNK2001: unresolved external symbol _glad_glUniform1f
Lighting2.obj : error LNK2001: unresolved external symbol _glad_glAttachShader
Lighting2.obj : error LNK2001: unresolved external symbol _glad_glBindBuffer
Lighting2.obj : error LNK2001: unresolved external symbol _glad_glGetUniformLocation
Lighting2.obj : error LNK2001: unresolved external symbol _glad_glDeleteShader
Lighting2.obj : error LNK2001: unresolved external symbol _glad_glViewport
Lighting2.obj : error LNK2001: unresolved external symbol _glad_glGenBuffers
Lighting2.obj : error LNK2001: unresolved external symbol _glad_glUseProgram
Lighting2.obj : error LNK2001: unresolved external symbol _glad_glUniformMatrix4fv
Lighting2.obj : error LNK2001: unresolved external symbol _glad_glDeleteBuffers
Lighting2.obj : error LNK2001: unresolved external symbol _glad_glUniform3f
Lighting2.obj : error LNK2001: unresolved external symbol _glad_glCreateProgram
Lighting2.obj : error LNK2001: unresolved external symbol _glad_glGetShaderiv
Lighting2.obj : error LNK2001: unresolved external symbol _glad_glEnableVertexAttribArray
Lighting2.obj : error LNK2001: unresolved external symbol _glad_glBindVertexArray
Lighting2.obj : error LNK2001: unresolved external symbol _glad_glGetShaderInfoLog
Lighting2.obj : error LNK2001: unresolved external symbol _glad_glClearColor
Lighting2.obj : error LNK2001: unresolved external symbol _glad_glClear
Lighting2.obj : error LNK2001: unresolved external symbol _glad_glCreateShader
Lighting2.obj : error LNK2001: unresolved external symbol _gladLoadGLLoader
Lighting2.obj : error LNK2001: unresolved external symbol _glad_glBufferData
Lighting2.obj : error LNK2001: unresolved external symbol _glad_glGenVertexArrays
Lighting2.obj : error LNK2001: unresolved external symbol _glad_glDrawArrays
Lighting2.obj : error LNK2001: unresolved external symbol _glad_glEnable
Lighting2.obj : error LNK2001: unresolved external symbol _glad_glVertexAttribPointer
Lighting2.obj : error LNK2001: unresolved external symbol _glad_glShaderSource
Lighting2.obj : error LNK2001: unresolved external symbol _glad_glGetProgramiv
Lighting2.obj : error LNK2001: unresolved external symbol _glad_glCompileShader
Lighting2.obj : error LNK2001: unresolved external symbol _glad_glGetProgramInfoLog
D:\D-P-V\Documents\GPR5300.1_RenderPipeline\Release\GPR5300.1_RenderPipeline.exe : fatal error LNK1120: 32 unresolved externals
