  RenderPipelineMain.cpp
d:\d-p-v\documents\failsafe\gpr5300.1_renderpipeline\gpr5300.1_renderpipeline\renderpipelinemain.cpp(304): warning C4244: 'initializing': conversion from 'double' to 'float', possible loss of data
d:\d-p-v\documents\failsafe\gpr5300.1_renderpipeline\gpr5300.1_renderpipeline\renderpipelinemain.cpp(320): warning C4244: '=': conversion from 'double' to 'T', possible loss of data
          with
          [
              T=float
          ]
d:\d-p-v\documents\failsafe\gpr5300.1_renderpipeline\gpr5300.1_renderpipeline\renderpipelinemain.cpp(321): warning C4244: '=': conversion from 'double' to 'T', possible loss of data
          with
          [
              T=float
          ]
d:\d-p-v\documents\failsafe\gpr5300.1_renderpipeline\gpr5300.1_renderpipeline\renderpipelinemain.cpp(464): warning C4244: 'initializing': conversion from 'double' to 'float', possible loss of data
d:\d-p-v\documents\failsafe\gpr5300.1_renderpipeline\gpr5300.1_renderpipeline\renderpipelinemain.cpp(545): warning C4477: 'printf' : format string '%f' requires an argument of type 'double', but variadic argument 1 has type 'glm::vec3'
d:\d-p-v\documents\failsafe\gpr5300.1_renderpipeline\gpr5300.1_renderpipeline\renderpipelinemain.cpp(554): warning C4477: 'printf' : format string '%f' requires an argument of type 'double', but variadic argument 1 has type 'glm::vec3'
d:\d-p-v\documents\failsafe\gpr5300.1_renderpipeline\gpr5300.1_renderpipeline\renderpipelinemain.cpp(697): warning C4244: '=': conversion from 'double' to 'float', possible loss of data
d:\d-p-v\documents\failsafe\gpr5300.1_renderpipeline\gpr5300.1_renderpipeline\renderpipelinemain.cpp(698): warning C4244: '=': conversion from 'double' to 'float', possible loss of data
d:\d-p-v\documents\failsafe\gpr5300.1_renderpipeline\gpr5300.1_renderpipeline\renderpipelinemain.cpp(702): warning C4244: 'initializing': conversion from 'double' to 'float', possible loss of data
d:\d-p-v\documents\failsafe\gpr5300.1_renderpipeline\gpr5300.1_renderpipeline\renderpipelinemain.cpp(703): warning C4244: 'initializing': conversion from 'double' to 'float', possible loss of data
d:\d-p-v\documents\failsafe\gpr5300.1_renderpipeline\gpr5300.1_renderpipeline\renderpipelinemain.cpp(705): warning C4244: '=': conversion from 'double' to 'float', possible loss of data
d:\d-p-v\documents\failsafe\gpr5300.1_renderpipeline\gpr5300.1_renderpipeline\renderpipelinemain.cpp(706): warning C4244: '=': conversion from 'double' to 'float', possible loss of data
d:\d-p-v\documents\failsafe\gpr5300.1_renderpipeline\gpr5300.1_renderpipeline\renderpipelinemain.cpp(715): warning C4244: 'argument': conversion from 'double' to 'float', possible loss of data
  GPR5300.1_RenderPipeline.vcxproj -> D:\D-P-V\Documents\failsafe\GPR5300.1_RenderPipeline\Debug\GPR5300.1_RenderPipeline.exe
